Arguments: 
  D:\Program Files\nodejs\node.exe C:\Users\anila\AppData\Roaming\npm\node_modules\yarn\bin\yarn.js

PATH: 
  C:\Users\anila\bin;D:\Program Files\Git\mingw64\bin;D:\Program Files\Git\usr\local\bin;D:\Program Files\Git\usr\bin;D:\Program Files\Git\usr\bin;D:\Program Files\Git\mingw64\bin;D:\Program Files\Git\usr\bin;C:\Users\anila\bin;C:\Program Files (x86)\Common Files\Oracle\Java\javapath;C:\Program Files\Microsoft MPI\Bin;C:\Program Files (x86)\Common Files\Intel\Shared Libraries\redist\intel64_win\compiler;C:\windows\system32;C:\windows;C:\windows\System32\Wbem;C:\windows\System32\WindowsPowerShell\v1.0;C:\windows\System32\OpenSSH;C:\Program Files (x86)\NVIDIA Corporation\PhysX\Common;C:\Program Files\NVIDIA Corporation\NVIDIA NvDLISR;D:\Program Files (x86)\GnuWin32\bin;D:\Program Files\TortoiseGit\bin;C:\WINDOWS\system32;C:\WINDOWS;C:\WINDOWS\System32\Wbem;C:\WINDOWS\System32\WindowsPowerShell\v1.0;C:\WINDOWS\System32\OpenSSH;D:\Program Files\Git\cmd;D:\Program Files\nodejs;C:\Program Files\MySQL\MySQL Shell 8.0\bin;C:\Users\anila\AppData\Local\Programs\Python\Python39\Scripts;C:\Users\anila\AppData\Local\Programs\Python\Python39;C:\Program Files (x86)\Common Files\Intel\Shared Libraries\redist\intel64_win\compiler;C:\Users\anila\AppData\Local\Microsoft\WindowsApps;C:\Users\anila\AppData\Local\Programs\Microsoft VS Code\bin;C:\Program Files\mingw-w64\x86_64-8.1.0-posix-seh-rt_v6-rev0\mingw64\bin;C:\Program Files\heroku\bin;C:\Users\anila\AppData\Roaming\npm;D:\Program Files\MongoDB\Server\5.0\bin;C:\Program Files (x86)\GnuWin32\bin;D:\Program Files\Git\usr\bin\vendor_perl;D:\Program Files\Git\usr\bin\core_perl

Yarn version: 
  1.22.10

Node version: 
  16.4.1

Platform: 
  win32 x64

Trace: 
  SyntaxError: D:\Desktop\Tecsup codigo\Codigo Backend 6\aasfasfg\package.json: Unexpected end of JSON input
      at JSON.parse (<anonymous>)
      at C:\Users\anila\AppData\Roaming\npm\node_modules\yarn\lib\cli.js:1625:59
      at Generator.next (<anonymous>)
      at step (C:\Users\anila\AppData\Roaming\npm\node_modules\yarn\lib\cli.js:310:30)
      at C:\Users\anila\AppData\Roaming\npm\node_modules\yarn\lib\cli.js:321:13

npm manifest: 
  

yarn manifest: 
  No manifest

Lockfile: 
  
